<?xml version="1.0" encoding="UTF-8"?>
<!-- Generated by org.testng.reporters.JUnitXMLReporter -->
<testsuite ignored="7" hostname="DESKTOP-GOIBKEG" failures="1" tests="1" name="Verify the side menu focus on Master Screen" time="86.744" errors="0" timestamp="2023-05-19T20:02:15 IST">
  <testcase classname="web.tests.master.FloorTest" name="toVerifyAddBlockButton" time="71.578">
    <failure type="org.openqa.selenium.NoSuchElementException" message="no such element: Unable to locate element: {&amp;quot;method&amp;quot;:&amp;quot;xpath&amp;quot;,&amp;quot;selector&amp;quot;:&amp;quot;//input[@id=&amp;apos;:rta:&amp;apos;]&amp;quot;}
  (Session info: chrome=113.0.5672.93)
For documentation on this error, please visit: https://selenium.dev/exceptions/#no_such_element
Build info: version: &amp;apos;4.3.0&amp;apos;, revision: &amp;apos;a4995e2c09*&amp;apos;
System info: host: &amp;apos;DESKTOP-GOIBKEG&amp;apos;, ip: &amp;apos;172.27.176.1&amp;apos;, os.name: &amp;apos;Windows 11&amp;apos;, os.arch: &amp;apos;amd64&amp;apos;, os.version: &amp;apos;10.0&amp;apos;, java.version: &amp;apos;18.0.2&amp;apos;
Driver info: org.openqa.selenium.chrome.ChromeDriver
Command: [2927ceea53d7b25bfebefaf35a079a25, findElement {using=xpath, value=//input[@id=&amp;apos;:rta:&amp;apos;]}]
Capabilities {acceptInsecureCerts: false, browserName: chrome, browserVersion: 113.0.5672.93, chrome: {chromedriverVersion: 113.0.5672.63 (0e1a4471d5ae..., userDataDir: C:\Users\ATULSH~1\AppData\L...}, goog:chromeOptions: {debuggerAddress: localhost:51648}, networkConnectionEnabled: false, pageLoadStrategy: normal, platformName: WINDOWS, proxy: Proxy(), se:cdp: ws://localhost:51648/devtoo..., se:cdpVersion: 113.0.5672.93, setWindowRect: true, strictFileInteractability: false, timeouts: {implicit: 0, pageLoad: 300000, script: 30000}, unhandledPromptBehavior: dismiss and notify, webauthn:extension:credBlob: true, webauthn:extension:largeBlob: true, webauthn:extension:minPinLength: true, webauthn:extension:prf: true, webauthn:virtualAuthenticators: true}
Session ID: 2927ceea53d7b25bfebefaf35a079a25">
        <![CDATA[org.openqa.selenium.NoSuchElementException: no such element: Unable to locate element: {"method":"xpath","selector":"//input[@id=':rta:']"}
  (Session info: chrome=113.0.5672.93)
For documentation on this error, please visit: https://selenium.dev/exceptions/#no_such_element
Build info: version: '4.3.0', revision: 'a4995e2c09*'
System info: host: 'DESKTOP-GOIBKEG', ip: '172.27.176.1', os.name: 'Windows 11', os.arch: 'amd64', os.version: '10.0', java.version: '18.0.2'
Driver info: org.openqa.selenium.chrome.ChromeDriver
Command: [2927ceea53d7b25bfebefaf35a079a25, findElement {using=xpath, value=//input[@id=':rta:']}]
Capabilities {acceptInsecureCerts: false, browserName: chrome, browserVersion: 113.0.5672.93, chrome: {chromedriverVersion: 113.0.5672.63 (0e1a4471d5ae..., userDataDir: C:\Users\ATULSH~1\AppData\L...}, goog:chromeOptions: {debuggerAddress: localhost:51648}, networkConnectionEnabled: false, pageLoadStrategy: normal, platformName: WINDOWS, proxy: Proxy(), se:cdp: ws://localhost:51648/devtoo..., se:cdpVersion: 113.0.5672.93, setWindowRect: true, strictFileInteractability: false, timeouts: {implicit: 0, pageLoad: 300000, script: 30000}, unhandledPromptBehavior: dismiss and notify, webauthn:extension:credBlob: true, webauthn:extension:largeBlob: true, webauthn:extension:minPinLength: true, webauthn:extension:prf: true, webauthn:virtualAuthenticators: true}
Session ID: 2927ceea53d7b25bfebefaf35a079a25
at org.openqa.selenium.remote.codec.w3c.W3CHttpResponseCodec.createException(W3CHttpResponseCodec.java:200)
at org.openqa.selenium.remote.codec.w3c.W3CHttpResponseCodec.decode(W3CHttpResponseCodec.java:133)
at org.openqa.selenium.remote.codec.w3c.W3CHttpResponseCodec.decode(W3CHttpResponseCodec.java:53)
at org.openqa.selenium.remote.HttpCommandExecutor.execute(HttpCommandExecutor.java:184)
at org.openqa.selenium.remote.service.DriverCommandExecutor.invokeExecute(DriverCommandExecutor.java:167)
at org.openqa.selenium.remote.service.DriverCommandExecutor.execute(DriverCommandExecutor.java:142)
at org.openqa.selenium.remote.RemoteWebDriver.execute(RemoteWebDriver.java:569)
at org.openqa.selenium.remote.ElementLocation$ElementFinder$2.findElement(ElementLocation.java:162)
at org.openqa.selenium.remote.ElementLocation.findElement(ElementLocation.java:60)
at org.openqa.selenium.remote.RemoteWebDriver.findElement(RemoteWebDriver.java:387)
at org.openqa.selenium.remote.RemoteWebDriver.findElement(RemoteWebDriver.java:379)
at com.onekosmos.kernel.blockid.performaction.autoweb.Element.getElementFromValue(Element.java:44)
at com.onekosmos.kernel.blockid.performaction.autoweb.Element.find(Element.java:80)
at com.onekosmos.kernel.blockid.performaction.autoweb.Wait.waitUntilElementIsVisible(Wait.java:31)
at web.objectRepository.master.FloorPage.verifyAddBlockPopupBlockNameTextBox(FloorPage.java:120)
at web.tests.master.FloorTest.toVerifyAddBlockButton(FloorTest.java:188)
at java.base/java.util.ArrayList.forEach(ArrayList.java:1511)
at com.onekosmos.kernel.blockid.framework.runner.TestRunner.start(TestRunner.java:82)
at runner.Runner.main(Runner.java:11)
... Removed 25 stack frames]]>
    </failure>
  </testcase> <!-- toVerifyAddBlockButton -->
  <testcase classname="web.tests.master.FloorTest" name="verifySearchFilterOnBlocks" time="0.0">
    <ignored/>
  </testcase> <!-- verifySearchFilterOnBlocks -->
  <testcase classname="web.tests.master.FloorTest" name="toVerifyAddFloorButton" time="0.0">
    <ignored/>
  </testcase> <!-- toVerifyAddFloorButton -->
  <testcase classname="web.tests.master.FloorTest" name="verifyEditFloor" time="0.0">
    <ignored/>
  </testcase> <!-- verifyEditFloor -->
  <testcase classname="web.tests.master.FloorTest" name="verifySideMenuFocusFloor" time="0.0">
    <ignored/>
  </testcase> <!-- verifySideMenuFocusFloor -->
  <testcase classname="web.tests.master.FloorTest" name="toVerifyFilterInTheListView" time="0.0">
    <ignored/>
  </testcase> <!-- toVerifyFilterInTheListView -->
  <testcase classname="web.tests.master.FloorTest" name="verifyDeleteFloor" time="0.0">
    <ignored/>
  </testcase> <!-- verifyDeleteFloor -->
  <testcase classname="web.tests.master.FloorTest" name="verifySideMenuFocusOnBlocks" time="0.0">
    <ignored/>
  </testcase> <!-- verifySideMenuFocusOnBlocks -->
</testsuite> <!-- Verify the side menu focus on Master Screen -->
