<?xml version="1.0" encoding="UTF-8"?>
<!-- Generated by org.testng.reporters.JUnitXMLReporter -->
<testsuite ignored="6" hostname="DESKTOP-GOIBKEG" failures="1" tests="1" name="Verify user is checked Policies on Master Screen" time="112.847" errors="0" timestamp="2023-06-01T16:52:10 IST">
  <testcase classname="web.tests.master.MasterTests" name="verifyPolicies" time="62.44">
    <failure type="org.openqa.selenium.NoSuchElementException" message="no such element: Unable to locate element: {&amp;quot;method&amp;quot;:&amp;quot;xpath&amp;quot;,&amp;quot;selector&amp;quot;:&amp;quot;//*[@data-testid=&amp;apos;AccountCogIcon&amp;apos;]&amp;quot;}
  (Session info: chrome=113.0.5672.127)
For documentation on this error, please visit: https://selenium.dev/exceptions/#no_such_element
Build info: version: &amp;apos;4.7.2&amp;apos;, revision: &amp;apos;4d4020c3b7&amp;apos;
System info: os.name: &amp;apos;Windows 11&amp;apos;, os.arch: &amp;apos;amd64&amp;apos;, os.version: &amp;apos;10.0&amp;apos;, java.version: &amp;apos;18.0.2&amp;apos;
Driver info: org.openqa.selenium.chrome.ChromeDriver
Command: [8c98e21526caf9310a087e5bc11b7228, findElement {using=xpath, value=//*[@data-testid=&amp;apos;AccountCogIcon&amp;apos;]}]
Capabilities {acceptInsecureCerts: false, browserName: chrome, browserVersion: 113.0.5672.127, chrome: {chromedriverVersion: 113.0.5672.63 (0e1a4471d5ae..., userDataDir: C:\Users\ATULSH~1\AppData\L...}, goog:chromeOptions: {debuggerAddress: localhost:50739}, networkConnectionEnabled: false, pageLoadStrategy: normal, platformName: WINDOWS, proxy: Proxy(), se:cdp: ws://localhost:50739/devtoo..., se:cdpVersion: 113.0.5672.127, setWindowRect: true, strictFileInteractability: false, timeouts: {implicit: 0, pageLoad: 300000, script: 30000}, unhandledPromptBehavior: dismiss and notify, webauthn:extension:credBlob: true, webauthn:extension:largeBlob: true, webauthn:extension:minPinLength: true, webauthn:extension:prf: true, webauthn:virtualAuthenticators: true}
Session ID: 8c98e21526caf9310a087e5bc11b7228">
        <![CDATA[org.openqa.selenium.NoSuchElementException: no such element: Unable to locate element: {"method":"xpath","selector":"//*[@data-testid='AccountCogIcon']"}
  (Session info: chrome=113.0.5672.127)
For documentation on this error, please visit: https://selenium.dev/exceptions/#no_such_element
Build info: version: '4.7.2', revision: '4d4020c3b7'
System info: os.name: 'Windows 11', os.arch: 'amd64', os.version: '10.0', java.version: '18.0.2'
Driver info: org.openqa.selenium.chrome.ChromeDriver
Command: [8c98e21526caf9310a087e5bc11b7228, findElement {using=xpath, value=//*[@data-testid='AccountCogIcon']}]
Capabilities {acceptInsecureCerts: false, browserName: chrome, browserVersion: 113.0.5672.127, chrome: {chromedriverVersion: 113.0.5672.63 (0e1a4471d5ae..., userDataDir: C:\Users\ATULSH~1\AppData\L...}, goog:chromeOptions: {debuggerAddress: localhost:50739}, networkConnectionEnabled: false, pageLoadStrategy: normal, platformName: WINDOWS, proxy: Proxy(), se:cdp: ws://localhost:50739/devtoo..., se:cdpVersion: 113.0.5672.127, setWindowRect: true, strictFileInteractability: false, timeouts: {implicit: 0, pageLoad: 300000, script: 30000}, unhandledPromptBehavior: dismiss and notify, webauthn:extension:credBlob: true, webauthn:extension:largeBlob: true, webauthn:extension:minPinLength: true, webauthn:extension:prf: true, webauthn:virtualAuthenticators: true}
Session ID: 8c98e21526caf9310a087e5bc11b7228
at org.openqa.selenium.remote.codec.w3c.W3CHttpResponseCodec.createException(W3CHttpResponseCodec.java:200)
at org.openqa.selenium.remote.codec.w3c.W3CHttpResponseCodec.decode(W3CHttpResponseCodec.java:133)
at org.openqa.selenium.remote.codec.w3c.W3CHttpResponseCodec.decode(W3CHttpResponseCodec.java:53)
at org.openqa.selenium.remote.HttpCommandExecutor.execute(HttpCommandExecutor.java:184)
at org.openqa.selenium.remote.service.DriverCommandExecutor.invokeExecute(DriverCommandExecutor.java:167)
at org.openqa.selenium.remote.service.DriverCommandExecutor.execute(DriverCommandExecutor.java:142)
at org.openqa.selenium.remote.RemoteWebDriver.execute(RemoteWebDriver.java:535)
at org.openqa.selenium.remote.ElementLocation$ElementFinder$2.findElement(ElementLocation.java:162)
at org.openqa.selenium.remote.ElementLocation.findElement(ElementLocation.java:60)
at org.openqa.selenium.remote.RemoteWebDriver.findElement(RemoteWebDriver.java:351)
at org.openqa.selenium.remote.RemoteWebDriver.findElement(RemoteWebDriver.java:343)
at com.onekosmos.kernel.blockid.performaction.autoweb.Element.getElementFromValue(Element.java:44)
at com.onekosmos.kernel.blockid.performaction.autoweb.Element.find(Element.java:80)
at com.onekosmos.kernel.blockid.performaction.autoweb.Wait.waitUntilElementIsVisible(Wait.java:31)
at web.objectRepository.master.MasterPage.clickOnMasterSectionsOnTheSideMenu(MasterPage.java:24)
at web.tests.master.MasterTests.verifyPolicies(MasterTests.java:409)
at java.base/java.util.ArrayList.forEach(ArrayList.java:1511)
at com.onekosmos.kernel.blockid.framework.runner.TestRunner.start(TestRunner.java:82)
at runner.Runner.main(Runner.java:11)
... Removed 25 stack frames]]>
    </failure>
  </testcase> <!-- verifyPolicies -->
  <testcase classname="web.tests.master.MasterTests" name="verifyAddEditDeleteFloor" time="0.0">
    <ignored/>
  </testcase> <!-- verifyAddEditDeleteFloor -->
  <testcase classname="web.tests.master.MasterTests" name="verifyFloorsAndRoomsAreAutoDeleted" time="0.0">
    <ignored/>
  </testcase> <!-- verifyFloorsAndRoomsAreAutoDeleted -->
  <testcase classname="web.tests.master.MasterTests" name="verifyAddEditDeleteBlocks" time="0.0">
    <ignored/>
  </testcase> <!-- verifyAddEditDeleteBlocks -->
  <testcase classname="web.tests.master.MasterTests" name="verifyAddEditDeleteChannels" time="0.0">
    <ignored/>
  </testcase> <!-- verifyAddEditDeleteChannels -->
  <testcase classname="web.tests.master.MasterTests" name="verifyRoomType" time="0.0">
    <ignored/>
  </testcase> <!-- verifyRoomType -->
  <testcase classname="web.tests.master.MasterTests" name="verifyTheRoomsGetsAutoDeleted" time="0.0">
    <ignored/>
  </testcase> <!-- verifyTheRoomsGetsAutoDeleted -->
</testsuite> <!-- Verify user is checked Policies on Master Screen -->
