<?xml version="1.0" encoding="UTF-8"?>
<!-- Generated by org.testng.reporters.JUnitXMLReporter -->
<testsuite ignored="0" hostname="Unity_0034" failures="1" tests="1" name="verify Pin setUp Successfully" time="69.983" errors="0" timestamp="2023-07-24T13:55:07 IST">
  <testcase classname="mobile.tests.appRegistrationTest.PinRegistrationTest" name="verifyPinsetUpSuccessfully" time="60.113">
    <failure type="org.openqa.selenium.NoSuchElementException" message="An element could not be located on the page using the given search parameters.
For documentation on this error, please visit: https://www.selenium.dev/documentation/webdriver/troubleshooting/errors#no-such-element-exception
Build info: version: &amp;apos;4.10.0&amp;apos;, revision: &amp;apos;c14d967899&amp;apos;
System info: os.name: &amp;apos;Windows 11&amp;apos;, os.arch: &amp;apos;amd64&amp;apos;, os.version: &amp;apos;10.0&amp;apos;, java.version: &amp;apos;18.0.2&amp;apos;
Driver info: io.appium.java_client.android.AndroidDriver
Command: [53730aa3-942c-4904-8cbf-211a2f6321ce, findElement {using=id, value=com.onekosmos.kernel.blockid:id/txt_user_agreement}]
Capabilities {appium:appActivity: com.onekosmos.kernel.ui.Lau..., appium:appPackage: com.onekosmos.kernel.blockid, appium:autoGrantPermissions: true, appium:databaseEnabled: false, appium:desired: {appActivity: com.onekosmos.kernel.ui.Lau..., appPackage: com.onekosmos.kernel.blockid, autoGrantPermissions: true, deviceName: VCPRWGNVQSO7CINF, deviceOrientation: portrait, noReset: true, platformName: ANDROID, platformVersion: 12.0}, appium:deviceApiLevel: 31, appium:deviceManufacturer: vivo, appium:deviceModel: vivo 1907, appium:deviceName: VCPRWGNVQSO7CINF, appium:deviceOrientation: portrait, appium:deviceScreenDensity: 480, appium:deviceScreenSize: 1080x2340, appium:deviceUDID: VCPRWGNVQSO7CINF, appium:javascriptEnabled: true, appium:locationContextEnabled: false, appium:networkConnectionEnabled: true, appium:noReset: true, appium:pixelRatio: 3, appium:platformVersion: 12, appium:statBarHeight: 84, appium:takesScreenshot: true, appium:viewportRect: {height: 2057, left: 0, top: 84, width: 1080}, appium:warnings: {}, appium:webStorageEnabled: false, platformName: ANDROID}
Session ID: 53730aa3-942c-4904-8cbf-211a2f6321ce">
        <![CDATA[org.openqa.selenium.NoSuchElementException: An element could not be located on the page using the given search parameters.
For documentation on this error, please visit: https://www.selenium.dev/documentation/webdriver/troubleshooting/errors#no-such-element-exception
Build info: version: '4.10.0', revision: 'c14d967899'
System info: os.name: 'Windows 11', os.arch: 'amd64', os.version: '10.0', java.version: '18.0.2'
Driver info: io.appium.java_client.android.AndroidDriver
Command: [53730aa3-942c-4904-8cbf-211a2f6321ce, findElement {using=id, value=com.onekosmos.kernel.blockid:id/txt_user_agreement}]
Capabilities {appium:appActivity: com.onekosmos.kernel.ui.Lau..., appium:appPackage: com.onekosmos.kernel.blockid, appium:autoGrantPermissions: true, appium:databaseEnabled: false, appium:desired: {appActivity: com.onekosmos.kernel.ui.Lau..., appPackage: com.onekosmos.kernel.blockid, autoGrantPermissions: true, deviceName: VCPRWGNVQSO7CINF, deviceOrientation: portrait, noReset: true, platformName: ANDROID, platformVersion: 12.0}, appium:deviceApiLevel: 31, appium:deviceManufacturer: vivo, appium:deviceModel: vivo 1907, appium:deviceName: VCPRWGNVQSO7CINF, appium:deviceOrientation: portrait, appium:deviceScreenDensity: 480, appium:deviceScreenSize: 1080x2340, appium:deviceUDID: VCPRWGNVQSO7CINF, appium:javascriptEnabled: true, appium:locationContextEnabled: false, appium:networkConnectionEnabled: true, appium:noReset: true, appium:pixelRatio: 3, appium:platformVersion: 12, appium:statBarHeight: 84, appium:takesScreenshot: true, appium:viewportRect: {height: 2057, left: 0, top: 84, width: 1080}, appium:warnings: {}, appium:webStorageEnabled: false, platformName: ANDROID}
Session ID: 53730aa3-942c-4904-8cbf-211a2f6321ce
at org.openqa.selenium.remote.codec.w3c.W3CHttpResponseCodec.createException(W3CHttpResponseCodec.java:199)
at org.openqa.selenium.remote.codec.w3c.W3CHttpResponseCodec.decode(W3CHttpResponseCodec.java:132)
at org.openqa.selenium.remote.codec.w3c.W3CHttpResponseCodec.decode(W3CHttpResponseCodec.java:51)
at org.openqa.selenium.remote.HttpCommandExecutor.execute(HttpCommandExecutor.java:191)
at io.appium.java_client.remote.AppiumCommandExecutor.execute(AppiumCommandExecutor.java:262)
at org.openqa.selenium.remote.RemoteWebDriver.execute(RemoteWebDriver.java:531)
at org.openqa.selenium.remote.ElementLocation$ElementFinder$2.findElement(ElementLocation.java:165)
at org.openqa.selenium.remote.ElementLocation.findElement(ElementLocation.java:66)
at org.openqa.selenium.remote.RemoteWebDriver.findElement(RemoteWebDriver.java:350)
at org.openqa.selenium.remote.RemoteWebDriver.findElement(RemoteWebDriver.java:344)
at com.onekosmos.kernel.blockid.performaction.autoweb.Element.getElementFromValue(Element.java:61)
at com.onekosmos.kernel.blockid.performaction.autoweb.Element.find(Element.java:94)
at com.onekosmos.kernel.blockid.performaction.autoweb.Wait.waitUntilElementIsVisible(Wait.java:31)
at mobile.objectRepository.appRegistration.PinRegistration.clickOnUserAgreementLink(Login1Cosmos.java:29)
at mobile.tests.appRegistrationTest.PinRegistrationTest.verifyPinsetUpSuccessfully(Login1CosmosTest.java:16)
at java.base/java.util.ArrayList.forEach(ArrayList.java:1511)
at com.onekosmos.kernel.blockid.framework.runner.TestRunner.start(TestRunner.java:83)
at runner.Runner.main(Runner.java:11)
... Removed 25 stack frames]]>
    </failure>
  </testcase> <!-- verifyPinsetUpSuccessfully -->
</testsuite> <!-- verify Pin setUp Successfully -->
