<?xml version="1.0" encoding="UTF-8"?>
<!-- Generated by org.testng.reporters.JUnitXMLReporter -->
<testsuite ignored="1" hostname="DESKTOP-GOIBKEG" failures="1" tests="1" name="Verify Quick Services" time="1.153" errors="0" timestamp="2023-06-22T15:55:27 IST">
  <testcase classname="com.onekosmos.kernel.blockid.framework.init.Base" name="@AfterMethod tearDown" time="0.005">
    <failure type="java.lang.NullPointerException" message="Cannot invoke &amp;quot;org.openqa.selenium.WebDriver.quit()&amp;quot; because &amp;quot;this.driver&amp;quot; is null">
        <![CDATA[java.lang.NullPointerException: Cannot invoke "org.openqa.selenium.WebDriver.quit()" because "this.driver" is null
at com.onekosmos.kernel.blockid.framework.init.Base.tearDown(Base.java:325)
at java.base/java.util.ArrayList.forEach(ArrayList.java:1511)
at com.onekosmos.kernel.blockid.framework.runner.TestRunner.start(TestRunner.java:82)
at runner.Runner.main(Runner.java:11)
... Removed 27 stack frames]]>
    </failure>
  </testcase> <!-- @AfterMethod tearDown -->
  <testcase classname="mobile.tests.guestAssistanceHouseKeeping.HouseKeepingTest" name="assistanceHouseKeeping" time="0.026">
    <failure type="java.lang.NullPointerException" message="Cannot invoke &amp;quot;org.openqa.selenium.WebDriver.findElement(org.openqa.selenium.By)&amp;quot; because &amp;quot;this.driver&amp;quot; is null">
        <![CDATA[java.lang.NullPointerException: Cannot invoke "org.openqa.selenium.WebDriver.findElement(org.openqa.selenium.By)" because "this.driver" is null
at com.onekosmos.kernel.blockid.performaction.autoweb.Element.getElementFromValue(Element.java:44)
at com.onekosmos.kernel.blockid.performaction.autoweb.Element.find(Element.java:80)
at com.onekosmos.kernel.blockid.performaction.autoweb.Verify.elementTextIsEqualTo(Verify.java:85)
at mobile.objectRepository.loginPage.LoginPage.verifyLoginScreen(LoginPage.java:64)
at mobile.objectRepository.loginPage.LoginPage.loginPage(LoginPage.java:27)
at mobile.tests.guestAssistanceHouseKeeping.HouseKeepingTest.assistanceHouseKeeping(HouseKeepingTest.java:19)
at java.base/java.util.ArrayList.forEach(ArrayList.java:1511)
at com.onekosmos.kernel.blockid.framework.runner.TestRunner.start(TestRunner.java:82)
at runner.Runner.main(Runner.java:11)
... Removed 22 stack frames]]>
    </failure>
  </testcase> <!-- assistanceHouseKeeping -->
  <testcase classname="mobile.tests.guestAssistanceHouseKeeping.HouseKeepingTest" name="assistanceHouseKeepingRequestForAssistance" time="0.0">
    <ignored/>
  </testcase> <!-- assistanceHouseKeepingRequestForAssistance -->
</testsuite> <!-- Verify Quick Services -->
