<!DOCTYPE html PUBLIC "-//W3C//DTD XHTML 1.1//EN" "https://www.w3.org/TR/xhtml11/DTD/xhtml11.dtd">
<html xmlns="https://www.w3.org/1999/xhtml">
<head>
<meta http-equiv="content-type" content="text/html; charset=UTF-8"/>
<title>TestNG Report</title>
<style type="text/css">table {margin-bottom:10px;border-collapse:collapse;empty-cells:show}th,td {border:1px solid #009;padding:.25em .5em}th {vertical-align:bottom}td {vertical-align:top}table a {font-weight:bold}.stripe td {background-color: #E6EBF9}.num {text-align:right}.passedodd td {background-color: #3F3}.passedeven td {background-color: #0A0}.skippedodd td {background-color: #DDD}.skippedeven td {background-color: #CCC}.failedodd td,.attn {background-color: #F33}.failedeven td,.stripe .attn {background-color: #D00}.stacktrace {white-space:pre;font-family:monospace}.totop {font-size:85%;text-align:center;border-bottom:2px solid #000}.invisible {display:none}</style>
</head>
<body>
<table>
<tr><th>Test</th><th># Passed</th><th># Skipped</th><th># Retried</th><th># Failed</th><th>Time (ms)</th><th>Included Groups</th><th>Excluded Groups</th></tr>
<tr><th colspan="8">Cosmos Pin Set Functionality</th></tr>
<tr><td><a href="#t0">verify Pin setUp Successfully</a></td><td class="num">0</td><td class="num">0</td><td class="num">0</td><td class="num attn">1</td><td class="num">709</td><td></td><td></td></tr>
</table>
<table id='summary'><thead><tr><th>Class</th><th>Method</th><th>Start</th><th>Time (ms)</th></tr></thead><tbody><tr><th colspan="4">Cosmos Pin Set Functionality</th></tr></tbody><tbody id="t0"><tr><th colspan="4">verify Pin setUp Successfully &#8212; failed (configuration methods)</th></tr><tr class="failedeven"><td rowspan="1">mobile.tests.cosmospinsetuptest.Login1CosmosTest</td><td><a href="#m0">tearDown</a></td><td rowspan="1">1689850129198</td><td rowspan="1">3</td></tr><tr><th colspan="4">verify Pin setUp Successfully &#8212; failed</th></tr><tr class="failedeven"><td rowspan="1">mobile.tests.cosmospinsetuptest.Login1CosmosTest</td><td><a href="#m1">verifyPinsetUpSuccessfully</a></td><td rowspan="1">1689850129188</td><td rowspan="1">8</td></tr></tbody>
</table>
<h2>verify Pin setUp Successfully</h2><h3 id="m0">mobile.tests.cosmospinsetuptest.Login1CosmosTest#tearDown</h3><table class="result"><tr class="param"><th>Parameter #1</th></tr><tr class="param stripe"><td>[TestResult name=verifyPinsetUpSuccessfully status=FAILURE method=Login1CosmosTest.verifyPinsetUpSuccessfully()[pri:0, instance:mobile.tests.cosmospinsetuptest.Login1CosmosTest@1afd44cb] output={null}]</td></tr><tr><th>Exception</th></tr><tr><td><div class="stacktrace">java.lang.NullPointerException: Cannot invoke &quot;org.openqa.selenium.WebDriver.quit()&quot; because &quot;this.driver&quot; is null
	at com.onekosmos.kernel.blockid.framework.init.Base.tearDown(Base.java:321)
	at java.base/java.util.ArrayList.forEach(ArrayList.java:1511)
	at com.onekosmos.kernel.blockid.framework.runner.TestRunner.start(TestRunner.java:83)
	at runner.Runner.main(Runner.java:11)
... Removed 27 stack frames</div></td></tr></table><p class="totop"><a href="#summary">back to summary</a></p>
<h3 id="m1">mobile.tests.cosmospinsetuptest.Login1CosmosTest#verifyPinsetUpSuccessfully</h3><table class="result"><tr><th>Exception</th></tr><tr><td><div class="stacktrace">java.lang.IllegalArgumentException: Input must be set
	at org.openqa.selenium.internal.Require.nonNull(Require.java:60)
	at org.openqa.selenium.support.ui.FluentWait.&lt;init&gt;(FluentWait.java:94)
	at org.openqa.selenium.support.ui.WebDriverWait.&lt;init&gt;(WebDriverWait.java:74)
	at org.openqa.selenium.support.ui.WebDriverWait.&lt;init&gt;(WebDriverWait.java:43)
	at com.onekosmos.kernel.blockid.performaction.autoweb.Wait.waitUntilElementIsVisible(Wait.java:30)
	at mobile.objectRepository.cosmospinsetup.Login1Cosmos.clickOnUserAgreementLink(Login1Cosmos.java:27)
	at mobile.tests.cosmospinsetuptest.Login1CosmosTest.verifyPinsetUpSuccessfully(Login1CosmosTest.java:16)
	at java.base/java.util.ArrayList.forEach(ArrayList.java:1511)
	at com.onekosmos.kernel.blockid.framework.runner.TestRunner.start(TestRunner.java:83)
	at runner.Runner.main(Runner.java:11)
... Removed 22 stack frames</div></td></tr></table><p class="totop"><a href="#summary">back to summary</a></p>
</body>
</html>
